<?xml version="1.0" encoding="UTF-8"?>
<!-- Generated by org.testng.reporters.JUnitReportReporter -->
<testsuite skipped="0" hostname="DESKTOP-LVFEJFV" name="TechoSoft.TEST.TC901AdminLogin" tests="4" failures="0" timestamp="24 五月 2017 04:44:17 GMT" time="17.696" errors="0">
  <testcase name="Step02" time="1.322" classname="TechoSoft.TEST.TC901AdminLogin"/>
  <testcase name="Step01" time="3.519" classname="TechoSoft.TEST.TC901AdminLogin"/>
  <testcase name="Step04" time="11.347" classname="TechoSoft.TEST.TC901AdminLogin"/>
  <testcase name="Step03" time="1.508" classname="TechoSoft.TEST.TC901AdminLogin"/>
</testsuite> <!-- TechoSoft.TEST.TC901AdminLogin -->
