<?xml version="1.0" encoding="UTF-8"?>
<!-- Generated by org.testng.reporters.JUnitReportReporter -->
<testsuite skipped="0" hostname="DESKTOP-LVFEJFV" name="TechoSoft.TEST.TC903UserEntry" tests="4" failures="0" timestamp="24 五月 2017 05:35:29 GMT" time="35.411" errors="0">
  <testcase name="Step04" time="19.099" classname="TechoSoft.TEST.TC903UserEntry"/>
  <testcase name="Step01" time="8.537" classname="TechoSoft.TEST.TC903UserEntry"/>
  <testcase name="Step03" time="3.926" classname="TechoSoft.TEST.TC903UserEntry"/>
  <testcase name="Step02" time="3.849" classname="TechoSoft.TEST.TC903UserEntry"/>
</testsuite> <!-- TechoSoft.TEST.TC903UserEntry -->
