<?xml version="1.0" encoding="UTF-8"?>
<!-- Generated by org.testng.reporters.JUnitReportReporter -->
<testsuite skipped="0" hostname="DESKTOP-LVFEJFV" name="TechoSoft.TEST.VerifyTitle" tests="1" failures="0" timestamp="20 五月 2017 05:49:39 GMT" time="1.294" errors="0">
  <testcase name="f" time="1.294" classname="TechoSoft.TEST.VerifyTitle"/>
</testsuite> <!-- TechoSoft.TEST.VerifyTitle -->
